This is XeTeX, Version 3.1415926-2.4-0.9998 (MiKTeX 2.9 64-bit) (preloaded format=xelatex 2015.7.9)  19 JUL 2015 18:15
entering extended mode
**root.tex
(H:\github\2015_MFI\root.tex
LaTeX2e <2011/06/27>
Babel <v3.8m> and hyphenation patterns for english, afrikaans, ancientgreek, ar
abic, armenian, assamese, basque, bengali, bokmal, bulgarian, catalan, coptic, 
croatian, czech, danish, dutch, esperanto, estonian, farsi, finnish, french, ga
lician, german, german-x-2012-05-30, greek, gujarati, hindi, hungarian, iceland
ic, indonesian, interlingua, irish, italian, kannada, kurmanji, latin, latvian,
 lithuanian, malayalam, marathi, mongolian, mongolianlmc, monogreek, ngerman, n
german-x-2012-05-30, nynorsk, oriya, panjabi, pinyin, polish, portuguese, roman
ian, russian, sanskrit, serbian, slovak, slovenian, spanish, swedish, swissgerm
an, tamil, telugu, turkish, turkmen, ukenglish, ukrainian, uppersorbian, usengl
ishmax, welsh, loaded.
(H:\github\2015_MFI\ieeeconf.cls

LaTeX Warning: You have requested document class `ieeeconf',
               but the document class provides `cssconf'.

Document Class: cssconf 2004/1/15 revision V1.6b by Pradeep Misra
\@IEEEtrantmpdimenA=\dimen102
\@IEEEtrantmpdimenB=\dimen103
\@IEEEtrantmpcountA=\count80
\@IEEEtrantmpcountB=\count81
\@IEEEtrantmptoksA=\toks14
LaTeX Font Info:    Try loading font information for OT1+ptm on input line 794.

("H:\Program Files\MiKTeX 2.9\tex/latex\psnfss\ot1ptm.fd"
File: ot1ptm.fd 2001/06/04 font definitions for OT1/ptm.
)
Requested font "ptmr7t" at 10.0pt
 -> ptmr7t
\@IEEEnormalsizefontbaselineskip=\skip41

-- This is a 10 point document.
\normalsizebaselineskip=\skip42
\normaljot=\skip43
Requested font "ptmr7t" at 5.0pt
 -> ptmr7t
LaTeX Font Info:    Font shape `OT1/ptm/bx/n' in size <5> not available
(Font)              Font shape `OT1/ptm/b/n' tried instead on input line 1113.
Requested font "ptmb7t" at 5.0pt
 -> ptmb7t
Requested font "ptmri7t" at 5.0pt
 -> ptmri7t
LaTeX Font Info:    Font shape `OT1/ptm/bx/it' in size <5> not available
(Font)              Font shape `OT1/ptm/b/it' tried instead on input line 1113.

Requested font "ptmbi7t" at 5.0pt
 -> ptmbi7t
Requested font "ptmr7t" at 7.0pt
 -> ptmr7t
LaTeX Font Info:    Font shape `OT1/ptm/bx/n' in size <7> not available
(Font)              Font shape `OT1/ptm/b/n' tried instead on input line 1113.
Requested font "ptmb7t" at 7.0pt
 -> ptmb7t
Requested font "ptmri7t" at 7.0pt
 -> ptmri7t
LaTeX Font Info:    Font shape `OT1/ptm/bx/it' in size <7> not available
(Font)              Font shape `OT1/ptm/b/it' tried instead on input line 1113.

Requested font "ptmbi7t" at 7.0pt
 -> ptmbi7t
Requested font "ptmr7t" at 8.0pt
 -> ptmr7t
LaTeX Font Info:    Font shape `OT1/ptm/bx/n' in size <8> not available
(Font)              Font shape `OT1/ptm/b/n' tried instead on input line 1113.
Requested font "ptmb7t" at 8.0pt
 -> ptmb7t
Requested font "ptmri7t" at 8.0pt
 -> ptmri7t
LaTeX Font Info:    Font shape `OT1/ptm/bx/it' in size <8> not available
(Font)              Font shape `OT1/ptm/b/it' tried instead on input line 1113.

Requested font "ptmbi7t" at 8.0pt
 -> ptmbi7t
Requested font "ptmr7t" at 9.0pt
 -> ptmr7t
LaTeX Font Info:    Font shape `OT1/ptm/bx/n' in size <9> not available
(Font)              Font shape `OT1/ptm/b/n' tried instead on input line 1113.
Requested font "ptmb7t" at 9.0pt
 -> ptmb7t
Requested font "ptmri7t" at 9.0pt
 -> ptmri7t
LaTeX Font Info:    Font shape `OT1/ptm/bx/it' in size <9> not available
(Font)              Font shape `OT1/ptm/b/it' tried instead on input line 1113.

Requested font "ptmbi7t" at 9.0pt
 -> ptmbi7t
LaTeX Font Info:    Font shape `OT1/ptm/bx/n' in size <10> not available
(Font)              Font shape `OT1/ptm/b/n' tried instead on input line 1113.
Requested font "ptmb7t" at 10.0pt
 -> ptmb7t
Requested font "ptmri7t" at 10.0pt
 -> ptmri7t
LaTeX Font Info:    Font shape `OT1/ptm/bx/it' in size <10> not available
(Font)              Font shape `OT1/ptm/b/it' tried instead on input line 1113.

Requested font "ptmbi7t" at 10.0pt
 -> ptmbi7t
Requested font "ptmr7t" at 11.0pt
 -> ptmr7t
LaTeX Font Info:    Font shape `OT1/ptm/bx/n' in size <11> not available
(Font)              Font shape `OT1/ptm/b/n' tried instead on input line 1113.
Requested font "ptmb7t" at 11.0pt
 -> ptmb7t
Requested font "ptmri7t" at 11.0pt
 -> ptmri7t
LaTeX Font Info:    Font shape `OT1/ptm/bx/it' in size <11> not available
(Font)              Font shape `OT1/ptm/b/it' tried instead on input line 1113.

Requested font "ptmbi7t" at 11.0pt
 -> ptmbi7t
Requested font "ptmr7t" at 12.0pt
 -> ptmr7t
LaTeX Font Info:    Font shape `OT1/ptm/bx/n' in size <12> not available
(Font)              Font shape `OT1/ptm/b/n' tried instead on input line 1113.
Requested font "ptmb7t" at 12.0pt
 -> ptmb7t
Requested font "ptmri7t" at 12.0pt
 -> ptmri7t
LaTeX Font Info:    Font shape `OT1/ptm/bx/it' in size <12> not available
(Font)              Font shape `OT1/ptm/b/it' tried instead on input line 1113.

Requested font "ptmbi7t" at 12.0pt
 -> ptmbi7t
Requested font "ptmr7t" at 16.0pt
 -> ptmr7t
LaTeX Font Info:    Font shape `OT1/ptm/bx/n' in size <16> not available
(Font)              Font shape `OT1/ptm/b/n' tried instead on input line 1113.
Requested font "ptmb7t" at 16.0pt
 -> ptmb7t
Requested font "ptmri7t" at 16.0pt
 -> ptmri7t
LaTeX Font Info:    Font shape `OT1/ptm/bx/it' in size <16> not available
(Font)              Font shape `OT1/ptm/b/it' tried instead on input line 1113.

Requested font "ptmbi7t" at 16.0pt
 -> ptmbi7t
Requested font "ptmr7t" at 20.0pt
 -> ptmr7t
LaTeX Font Info:    Font shape `OT1/ptm/bx/n' in size <20> not available
(Font)              Font shape `OT1/ptm/b/n' tried instead on input line 1113.
Requested font "ptmb7t" at 20.0pt
 -> ptmb7t
Requested font "ptmri7t" at 20.0pt
 -> ptmri7t
LaTeX Font Info:    Font shape `OT1/ptm/bx/it' in size <20> not available
(Font)              Font shape `OT1/ptm/b/it' tried instead on input line 1113.

Requested font "ptmbi7t" at 20.0pt
 -> ptmbi7t
Requested font "ptmr7t" at 24.0pt
 -> ptmr7t
LaTeX Font Info:    Font shape `OT1/ptm/bx/n' in size <24> not available
(Font)              Font shape `OT1/ptm/b/n' tried instead on input line 1113.
Requested font "ptmb7t" at 24.0pt
 -> ptmb7t
Requested font "ptmri7t" at 24.0pt
 -> ptmri7t
LaTeX Font Info:    Font shape `OT1/ptm/bx/it' in size <24> not available
(Font)              Font shape `OT1/ptm/b/it' tried instead on input line 1113.

Requested font "ptmbi7t" at 24.0pt
 -> ptmbi7t
\IEEEilabelindentA=\dimen104
\IEEEilabelindentB=\dimen105
\IEEEilabelindent=\dimen106
\IEEEelabelindent=\dimen107
\IEEEdlabelindent=\dimen108
\labelindent=\dimen109
\IEEEiednormlabelsep=\dimen110
\IEEEiedmathlabelsep=\dimen111
\IEEEiedtopsep=\skip44
\c@section=\count82
\c@subsection=\count83
\c@subsubsection=\count84
\c@paragraph=\count85
\c@IEEEsubequation=\count86
\abovecaptionskip=\skip45
\belowcaptionskip=\skip46
\c@figure=\count87
\c@table=\count88
\@IEEEeqnnumcols=\count89
\@IEEEeqncolcnt=\count90
\@IEEEtmpitemindent=\dimen112
\c@biography=\count91
\@IEEEtranrubishbin=\box26
)
** ATTENTION: Overriding command lockouts (line 9).
** ATTENTION: Overriding IEEE standard margins (line 12).
("H:\Program Files\MiKTeX 2.9\tex/latex\graphics\graphicx.sty"
Package: graphicx 1999/02/16 v1.0f Enhanced LaTeX Graphics (DPC,SPQR)

("H:\Program Files\MiKTeX 2.9\tex/latex\graphics\keyval.sty"
Package: keyval 1999/03/16 v1.13 key=value parser (DPC)
\KV@toks@=\toks15
)
("H:\Program Files\MiKTeX 2.9\tex/latex\graphics\graphics.sty"
Package: graphics 2009/02/05 v1.0o Standard LaTeX Graphics (DPC,SPQR)

("H:\Program Files\MiKTeX 2.9\tex/latex\graphics\trig.sty"
Package: trig 1999/03/16 v1.09 sin cos tan (DPC)
)
("H:\Program Files\MiKTeX 2.9\tex/latex\00miktex\graphics.cfg"
File: graphics.cfg 2007/01/18 v1.5 graphics configuration of teTeX/TeXLive
)
Package graphics Info: Driver file: xetex.def on input line 91.

(C:\Users\Kuya\AppData\Roaming\MiKTeX\2.9\tex\xelatex\xetex-def\xetex.def
File: xetex.def 2015/03/25 v4.04 LaTeX color/graphics driver for XeTeX (TeX Liv
e/RRM/JK)
))
\Gin@req@height=\dimen113
\Gin@req@width=\dimen114
)
("H:\Program Files\MiKTeX 2.9\tex/latex\amsfonts\amssymb.sty"
Package: amssymb 2013/01/14 v3.01 AMS font symbols

("H:\Program Files\MiKTeX 2.9\tex/latex\amsfonts\amsfonts.sty"
Package: amsfonts 2013/01/14 v3.01 Basic AMSFonts support
\@emptytoks=\toks16
\symAMSa=\mathgroup4
\symAMSb=\mathgroup5
LaTeX Font Info:    Overwriting math alphabet `\mathfrak' in version `bold'
(Font)                  U/euf/m/n --> U/euf/b/n on input line 106.
))
\@input{defs.aux}
(H:\github\2015_MFI\defs.tex) (H:\github\2015_MFI\root.aux)
LaTeX Font Info:    Checking defaults for OML/cmm/m/it on input line 37.
LaTeX Font Info:    ... okay on input line 37.
LaTeX Font Info:    Checking defaults for T1/cmr/m/n on input line 37.
LaTeX Font Info:    ... okay on input line 37.
LaTeX Font Info:    Checking defaults for OT1/cmr/m/n on input line 37.
LaTeX Font Info:    ... okay on input line 37.
LaTeX Font Info:    Checking defaults for OMS/cmsy/m/n on input line 37.
LaTeX Font Info:    ... okay on input line 37.
LaTeX Font Info:    Checking defaults for OMX/cmex/m/n on input line 37.
LaTeX Font Info:    ... okay on input line 37.
LaTeX Font Info:    Checking defaults for U/cmr/m/n on input line 37.
LaTeX Font Info:    ... okay on input line 37.
Requested font "cmr8" at 8.0pt
 -> cmr8
Requested font "cmr6" at 6.0pt
 -> cmr6
Requested font "cmmi8" at 8.0pt
 -> cmmi8
Requested font "cmmi6" at 6.0pt
 -> cmmi6
Requested font "cmsy8" at 8.0pt
 -> cmsy8
Requested font "cmsy6" at 6.0pt
 -> cmsy6
Requested font "cmex8" at 8.0pt
 -> cmex8
Requested font "cmex7" at 6.0pt
 -> cmex7
Requested font "cmex7" at 5.0pt
 -> cmex7
LaTeX Font Info:    Try loading font information for U+msa on input line 39.

("H:\Program Files\MiKTeX 2.9\tex/latex\amsfonts\umsa.fd"
File: umsa.fd 2013/01/14 v3.01 AMS symbols A
)
Requested font "msam10" at 8.0pt
 -> msam10
Requested font "msam7" at 6.0pt
 -> msam7
Requested font "msam5" at 5.0pt
 -> msam5
LaTeX Font Info:    Try loading font information for U+msb on input line 39.

("H:\Program Files\MiKTeX 2.9\tex/latex\amsfonts\umsb.fd"
File: umsb.fd 2013/01/14 v3.01 AMS symbols B
)
Requested font "msbm10" at 8.0pt
 -> msbm10
Requested font "msbm7" at 6.0pt
 -> msbm7
Requested font "msbm5" at 5.0pt
 -> msbm5
Requested font "ptmr7t" at 6.0pt
 -> ptmr7t
LaTeX Font Info:    Try loading font information for OT1+pcr on input line 39.

("H:\Program Files\MiKTeX 2.9\tex/latex\psnfss\ot1pcr.fd"
File: ot1pcr.fd 2001/06/04 font definitions for OT1/pcr.
)
Requested font "pcrr7t" at 8.0pt
 -> pcrr7t
Requested font "pcrr7t" at 9.0pt
 -> pcrr7t
LaTeX Font Info:    Try loading font information for OMS+pcr on input line 39.

("H:\Program Files\MiKTeX 2.9\tex/latex\psnfss\omspcr.fd"
File: omspcr.fd 
)
LaTeX Font Info:    Font shape `OMS/pcr/m/n' in size <9> not available
(Font)              Font shape `OMS/cmsy/m/n' tried instead on input line 39.
Requested font "cmsy9" at 9.0pt
 -> cmsy9
Requested font "ptmrc7t" at 10.0pt
 -> ptmrc7t
Requested font "cmex7" at 7.0pt
 -> cmex7
Requested font "msam10" at 10.0pt
 -> msam10
Requested font "msam7" at 7.0pt
 -> msam7
Requested font "msbm10" at 10.0pt
 -> msbm10
Requested font "msbm7" at 7.0pt
 -> msbm7
Requested font "cmbx10" at 10.0pt
 -> cmbx10
Requested font "cmbx7" at 7.0pt
 -> cmbx7
Requested font "cmbx5" at 5.0pt
 -> cmbx5

Overfull \hbox (171.62482pt too wide) detected at line 59
[][] \OT1/cmr/m/n/10 = [][] [][]\OML/cmm/m/it/10 d\OT1/cmr/bx/n/10 x[]\OML/cmm/
m/it/10 :
 []


Overfull \hbox (32.50015pt too wide) in alignment at lines 61--64
 [][][] []
 []


Overfull \hbox (9.41432pt too wide) in paragraph at lines 64--66
\OT1/ptm/m/n/10 where $\OML/cmm/m/it/10 q [] \OT1/cmr/m/n/10 = []$\OT1/ptm/m/n/
10 ,
 []


Overfull \hbox (36.4881pt too wide) detected at line 70
[]\OML/cmm/m/it/10 l [] \OT1/cmr/m/n/10 = [] \OML/cmm/m/it/10 l[] [] [] l[] []
 []


Overfull \hbox (26.11446pt too wide) detected at line 79
[]\OML/cmm/m/it/10 l[] [] \OT1/cmr/m/n/10 = []
 []


LaTeX Warning: Reference `fig:hybrid' on page 1 undefined on input line 108.


LaTeX Warning: Reference `fig:joint' on page 1 undefined on input line 108.


LaTeX Warning: Reference `fig:posterior' on page 1 undefined on input line 108.



LaTeX Warning: Reference `fig:auditory_procedure' on page 1 undefined on input 
line 120.


LaTeX Warning: Citation `bellusci2007ultra' on page 1 undefined on input line 1
20.

[1




]

LaTeX Warning: Reference `fig:auditory_approach' on page 2 undefined on input l
ine 141.


LaTeX Warning: Reference `fig:NFOV_acoustic' on page 2 undefined on input line 
141.


LaTeX Warning: Citation `lee2006large' on page 2 undefined on input line 141.


LaTeX Warning: Citation `irahhauten2006investigation' on page 2 undefined on in
put line 141.


LaTeX Warning: Citation `xu2008delay' on page 2 undefined on input line 141.


LaTeX Warning: Citation `Guvenc2009' on page 2 undefined on input line 141.


LaTeX Warning: Reference `fig:sound_extraction' on page 2 undefined on input li
ne 141.

File: Figures/diffraction1.png Graphic file (type QTm)
<use  "Figures/diffraction1.png" >

LaTeX Warning: Reference `fig:diffraction1' on page 2 undefined on input line 1
65.


LaTeX Warning: Citation `medwin1981shadowing' on page 2 undefined on input line
 170.


LaTeX Warning: Reference `fig:diffraction2' on page 2 undefined on input line 1
70.

[2]

LaTeX Warning: Reference `fig:reflection' on page 3 undefined on input line 178
.


LaTeX Warning: Citation `pulkki1997' on page 3 undefined on input line 178.


Underfull \hbox (badness 3118) in paragraph at lines 177--188
\OT1/ptm/m/n/10 of sound di-rec-tion from re-flec-tion sig-nals. Re-flec-tion
 []


Underfull \hbox (badness 10000) in paragraph at lines 177--188

 []


Overfull \hbox (80.48294pt too wide) detected at line 199
[][][] \OT1/cmr/m/n/10 = [] [][] \OMS/cmsy/m/n/10 ^^@ \OML/cmm/m/it/10 d[] [] [
] \OT1/cmr/m/n/10 + [] \OML/cmm/m/it/10 :
 []


Overfull \hbox (12.61662pt too wide) detected at line 217
[]\OML/cmm/m/it/10 l[] [] \OT1/cmr/m/n/10 = \OML/cmm/m/it/10 l[] [] l[] []
 []


LaTeX Warning: Reference `fig:data_fusion' on page 3 undefined on input line 21
9.


** Conference Paper **
Before submitting the final camera ready copy, remember to:

 1. Manually equalize the lengths of two columns on the last page
 of your paper;

 2. Ensure that any PostScript and/or PDF output post-processing
 uses only Type 1 fonts and that every step in the generation
 process uses the US letter (8.5in X 11in) paper size.

[3] (H:\github\2015_MFI\root.aux)

LaTeX Warning: There were undefined references.

 ) 
Here is how much of TeX's memory you used:
 1760 strings out of 429035
 22614 string characters out of 3167910
 85285 words of memory out of 3000000
 5027 multiletter control sequences out of 15000+200000
 32276 words of font info for 82 fonts, out of 3000000 for 9000
 912 hyphenation exceptions out of 8191
 26i,10n,26p,1944b,283s stack positions out of 5000i,500n,10000p,200000b,50000s

Output written on root.pdf (3 pages).
